# JRE version: OpenJDK Runtime Environment (11.0.13) (build 11.0.13+0-b1751.21-8125866)
# Java VM: OpenJDK 64-Bit Server VM (11.0.13+0-b1751.21-8125866, mixed mode, tiered, compressed oops, g1 gc, windows-amd64)
Heap:
 garbage-first heap   total 611328K, used 246459K [0x00000000a0000000, 0x0000000100000000)
  region size 1024K, 5 young (5120K), 5 survivors (5120K)
 Metaspace       used 144631K, capacity 148923K, committed 152652K, reserved 1183744K
  class space    used 16561K, capacity 18048K, committed 18816K, reserved 1048576K
GC Heap History (20 events):
Event: 23853.203 GC heap after
{Heap after GC invocations=694 (full 1):
 garbage-first heap   total 293888K, used 152490K [0x00000000a0000000, 0x0000000100000000)
  region size 1024K, 1 young (1024K), 1 survivors (1024K)
 Metaspace       used 144623K, capacity 148913K, committed 152652K, reserved 1183744K
  class space    used 16560K, capacity 18046K, committed 18816K, reserved 1048576K
}
Event: 23855.527 GC heap before
{Heap before GC invocations=695 (full 1):
 garbage-first heap   total 293888K, used 225194K [0x00000000a0000000, 0x0000000100000000)
  region size 1024K, 70 young (71680K), 1 survivors (1024K)
 Metaspace       used 144629K, capacity 148922K, committed 152652K, reserved 1183744K
  class space    used 16561K, capacity 18048K, committed 18816K, reserved 1048576K
}
Event: 23855.534 GC heap after
{Heap after GC invocations=696 (full 1):
 garbage-first heap   total 293888K, used 153677K [0x00000000a0000000, 0x0000000100000000)
  region size 1024K, 2 young (2048K), 2 survivors (2048K)
 Metaspace       used 144629K, capacity 148922K, committed 152652K, reserved 1183744K
  class space    used 16561K, capacity 18048K, committed 18816K, reserved 1048576K
}
Event: 23855.718 GC heap before
{Heap before GC invocations=696 (full 1):
 garbage-first heap   total 293888K, used 164941K [0x00000000a0000000, 0x0000000100000000)
  region size 1024K, 14 young (14336K), 2 survivors (2048K)
 Metaspace       used 144629K, capacity 148922K, committed 152652K, reserved 1183744K
  class space    used 16561K, capacity 18048K, committed 18816K, reserved 1048576K
}
Event: 23855.728 GC heap after
{Heap after GC invocations=697 (full 1):
 garbage-first heap   total 293888K, used 154263K [0x00000000a0000000, 0x0000000100000000)
  region size 1024K, 2 young (2048K), 2 survivors (2048K)
 Metaspace       used 144629K, capacity 148922K, committed 152652K, reserved 1183744K
  class space    used 16561K, capacity 18048K, committed 18816K, reserved 1048576K
}
Event: 23856.009 GC heap before
{Heap before GC invocations=697 (full 1):
 garbage-first heap   total 293888K, used 227991K [0x00000000a0000000, 0x0000000100000000)
  region size 1024K, 74 young (75776K), 2 survivors (2048K)
 Metaspace       used 144629K, capacity 148922K, committed 152652K, reserved 1183744K
  class space    used 16561K, capacity 18048K, committed 18816K, reserved 1048576K
}
Event: 23856.038 GC heap after
{Heap after GC invocations=698 (full 1):
 garbage-first heap   total 293888K, used 168433K [0x00000000a0000000, 0x0000000100000000)
  region size 1024K, 10 young (10240K), 10 survivors (10240K)
 Metaspace       used 144629K, capacity 148922K, committed 152652K, reserved 1183744K
  class space    used 16561K, capacity 18048K, committed 18816K, reserved 1048576K
}
Event: 23856.536 GC heap before
{Heap before GC invocations=699 (full 1):
 garbage-first heap   total 293888K, used 228849K [0x00000000a0000000, 0x0000000100000000)
  region size 1024K, 73 young (74752K), 10 survivors (10240K)
 Metaspace       used 144631K, capacity 148923K, committed 152652K, reserved 1183744K
  class space    used 16561K, capacity 18048K, committed 18816K, reserved 1048576K
}
Event: 23856.559 GC heap after
{Heap after GC invocations=700 (full 1):
 garbage-first heap   total 293888K, used 177691K [0x00000000a0000000, 0x0000000100000000)
  region size 1024K, 10 young (10240K), 10 survivors (10240K)
 Metaspace       used 144631K, capacity 148923K, committed 152652K, reserved 1183744K
  class space    used 16561K, capacity 18048K, committed 18816K, reserved 1048576K
}
Event: 23856.564 GC heap before
{Heap before GC invocations=700 (full 1):
 garbage-first heap   total 293888K, used 181787K [0x00000000a0000000, 0x0000000100000000)
  region size 1024K, 14 young (14336K), 10 survivors (10240K)
 Metaspace       used 144631K, capacity 148923K, committed 152652K, reserved 1183744K
  class space    used 16561K, capacity 18048K, committed 18816K, reserved 1048576K
}
Event: 23856.589 GC heap after
{Heap after GC invocations=701 (full 1):
 garbage-first heap   total 293888K, used 176628K [0x00000000a0000000, 0x0000000100000000)
  region size 1024K, 2 young (2048K), 2 survivors (2048K)
 Metaspace       used 144631K, capacity 148923K, committed 152652K, reserved 1183744K
  class space    used 16561K, capacity 18048K, committed 18816K, reserved 1048576K
}
Event: 23856.668 GC heap before
{Heap before GC invocations=701 (full 1):
 garbage-first heap   total 293888K, used 233972K [0x00000000a0000000, 0x0000000100000000)
  region size 1024K, 59 young (60416K), 2 survivors (2048K)
 Metaspace       used 144631K, capacity 148923K, committed 152652K, reserved 1183744K
  class space    used 16561K, capacity 18048K, committed 18816K, reserved 1048576K
}
Event: 23856.700 GC heap after
{Heap after GC invocations=702 (full 1):
 garbage-first heap   total 480256K, used 191163K [0x00000000a0000000, 0x0000000100000000)
  region size 1024K, 8 young (8192K), 8 survivors (8192K)
 Metaspace       used 144631K, capacity 148923K, committed 152652K, reserved 1183744K
  class space    used 16561K, capacity 18048K, committed 18816K, reserved 1048576K
}
Event: 23856.858 GC heap before
{Heap before GC invocations=702 (full 1):
 garbage-first heap   total 480256K, used 298683K [0x00000000a0000000, 0x0000000100000000)
  region size 1024K, 112 young (114688K), 8 survivors (8192K)
 Metaspace       used 144631K, capacity 148923K, committed 152652K, reserved 1183744K
  class space    used 16561K, capacity 18048K, committed 18816K, reserved 1048576K
}
Event: 23856.936 GC heap after
{Heap after GC invocations=703 (full 1):
 garbage-first heap   total 480256K, used 219660K [0x00000000a0000000, 0x0000000100000000)
  region size 1024K, 14 young (14336K), 14 survivors (14336K)
 Metaspace       used 144631K, capacity 148923K, committed 152652K, reserved 1183744K
  class space    used 16561K, capacity 18048K, committed 18816K, reserved 1048576K
}
Event: 23857.281 GC heap before
{Heap before GC invocations=703 (full 1):
 garbage-first heap   total 480256K, used 270860K [0x00000000a0000000, 0x0000000100000000)
  region size 1024K, 64 young (65536K), 14 survivors (14336K)
 Metaspace       used 144631K, capacity 148923K, committed 152652K, reserved 1183744K
  class space    used 16561K, capacity 18048K, committed 18816K, reserved 1048576K
}
Event: 23857.327 GC heap after
{Heap after GC invocations=704 (full 1):
 garbage-first heap   total 480256K, used 232123K [0x00000000a0000000, 0x0000000100000000)
  region size 1024K, 8 young (8192K), 8 survivors (8192K)
 Metaspace       used 144631K, capacity 148923K, committed 152652K, reserved 1183744K
  class space    used 16561K, capacity 18048K, committed 18816K, reserved 1048576K
}
Event: 23857.640 GC heap before
{Heap before GC invocations=705 (full 1):
 garbage-first heap   total 480256K, used 263867K [0x00000000a0000000, 0x0000000100000000)
  region size 1024K, 40 young (40960K), 8 survivors (8192K)
 Metaspace       used 144631K, capacity 148923K, committed 152652K, reserved 1183744K
  class space    used 16561K, capacity 18048K, committed 18816K, reserved 1048576K
}
Event: 23857.675 GC heap after
{Heap after GC invocations=706 (full 1):
 garbage-first heap   total 480256K, used 240754K [0x00000000a0000000, 0x0000000100000000)
  region size 1024K, 9 young (9216K), 9 survivors (9216K)
 Metaspace       used 144631K, capacity 148923K, committed 152652K, reserved 1183744K
  class space    used 16561K, capacity 18048K, committed 18816K, reserved 1048576K
}
Event: 23858.756 GC heap before
{Heap before GC invocations=707 (full 1):
 garbage-first heap   total 480256K, used 262258K [0x00000000a0000000, 0x0000000100000000)
  region size 1024K, 30 young (30720K), 9 survivors (9216K)
 Metaspace       used 144631K, capacity 148923K, committed 152652K, reserved 1183744K
  class space    used 16561K, capacity 18048K, committed 18816K, reserved 1048576K
}

